<?xml version="1.0" encoding="UTF-8"?>
<!-- Generated by org.testng.reporters.JUnitReportReporter -->
<testsuite skipped="0" hostname="CTRLSOFT-C7X6GX" name="Testscripts.Testlaunch" tests="1" failures="0" timestamp="08 Dec 2020 09:19:02 GMT" time="72.559" errors="0">
  <testcase name="launch" time="72.559" classname="Testscripts.Testlaunch"/>
</testsuite> <!-- Testscripts.Testlaunch -->
