<?xml version="1.0" encoding="UTF-8"?>
<!-- Generated by org.testng.reporters.JUnitReportReporter -->
<testsuite skipped="0" hostname="CTRLSOFT-C7X6GX" name="Test.test_s" tests="1" failures="0" timestamp="06 Jan 2021 16:45:07 GMT" time="58.235" errors="0">
  <testcase name="login" time="58.235" classname="Test.test_s"/>
</testsuite> <!-- Test.test_s -->
